<?xml version="1.0" encoding="UTF-8"?>
<testng-results ignored="0" total="2" passed="2" failed="0" skipped="0">
  <reporter-output>
  </reporter-output>
  <suite started-at="2024-05-27T18:35:41 IST" name="Default suite" finished-at="2024-05-27T18:37:06 IST" duration-ms="84327">
    <groups>
    </groups>
    <test started-at="2024-05-27T18:35:41 IST" name="Default test" finished-at="2024-05-27T18:37:06 IST" duration-ms="84327">
      <class name="sumitframework.Standalone2">
        <test-method is-config="true" signature="initiateTest()[pri:0, instance:sumitframework.Standalone2@4c163e3]" started-at="2024-05-27T18:35:42 IST" name="initiateTest" finished-at="2024-05-27T18:35:50 IST" duration-ms="8415" status="PASS">
          <reporter-output>
          </reporter-output>
        </test-method> <!-- initiateTest -->
        <test-method signature="driveTest(java.util.HashMap)[pri:0, instance:sumitframework.Standalone2@4c163e3]" started-at="2024-05-27T18:35:50 IST" name="driveTest" data-provider="getData" finished-at="2024-05-27T18:36:22 IST" duration-ms="32167" status="PASS">
          <params>
            <param index="0">
              <value>
                <![CDATA[{password=Hanuman@2024, email=ty@abc.com}]]>
              </value>
            </param>
          </params>
          <reporter-output>
          </reporter-output>
        </test-method> <!-- driveTest -->
        <test-method is-config="true" signature="initiateTest()[pri:0, instance:sumitframework.Standalone2@4c163e3]" started-at="2024-05-27T18:36:22 IST" name="initiateTest" finished-at="2024-05-27T18:36:32 IST" duration-ms="9423" status="PASS">
          <reporter-output>
          </reporter-output>
        </test-method> <!-- initiateTest -->
        <test-method signature="driveTest(java.util.HashMap)[pri:0, instance:sumitframework.Standalone2@4c163e3]" started-at="2024-05-27T18:36:32 IST" name="driveTest" data-provider="getData" finished-at="2024-05-27T18:37:06 IST" duration-ms="33884" status="PASS">
          <params>
            <param index="0">
              <value>
                <![CDATA[{password=Hanuman@2023, email=ty12@abc.com}]]>
              </value>
            </param>
          </params>
          <reporter-output>
          </reporter-output>
        </test-method> <!-- driveTest -->
      </class> <!-- sumitframework.Standalone2 -->
    </test> <!-- Default test -->
  </suite> <!-- Default suite -->
</testng-results>
